[{"line":4,"elements":[{"start_timestamp":"2024-06-06T12:18:58.121Z","line":16,"name":"Validating a Login Page with valid username and Password","description":"","id":"validate-login-page;validating-a-login-page-with-valid-username-and-password;;2","type":"scenario","keyword":"Scenario Outline","steps":[{"result":{"duration":46684935800,"status":"passed"},"line":7,"name":"Launch Browser and an Application","match":{"location":"StepDefinitionPack.LoginStepDefinition.launch_browser_and_an_application()"},"keyword":"Given "},{"result":{"duration":5393281900,"status":"passed"},"line":8,"name":"Click on sign in button","match":{"location":"StepDefinitionPack.LoginStepDefinition.click_on_sign_in_button()"},"keyword":"When "},{"result":{"duration":5505409000,"status":"passed"},"line":9,"name":"Enter username j2ee and password j2ee","match":{"arguments":[{"val":"j2ee","offset":15},{"val":"j2ee","offset":33}],"location":"StepDefinitionPack.LoginStepDefinition.enter_username_j2ee_and_password_j2ee(java.lang.String,java.lang.String)"},"keyword":"And "},{"result":{"duration":1671177900,"status":"passed"},"line":10,"name":"Click on Login button","match":{"location":"StepDefinitionPack.LoginStepDefinition.click_on_login_button()"},"keyword":"And "},{"result":{"duration":168013700,"status":"passed"},"line":11,"name":"Validating Home page","match":{"location":"StepDefinitionPack.LoginStepDefinition.validating_home_page()"},"keyword":"And "},{"result":{"duration":764113300,"status":"passed"},"line":12,"name":"Click on signout button","match":{"location":"StepDefinitionPack.LoginStepDefinition.click_on_signout_button()"},"keyword":"Then "}]},{"start_timestamp":"2024-06-06T12:19:58.437Z","line":17,"name":"Validating a Login Page with valid username and Password","description":"","id":"validate-login-page;validating-a-login-page-with-valid-username-and-password;;3","type":"scenario","keyword":"Scenario Outline","steps":[{"result":{"duration":20269916900,"status":"passed"},"line":7,"name":"Launch Browser and an Application","match":{"location":"StepDefinitionPack.LoginStepDefinition.launch_browser_and_an_application()"},"keyword":"Given "},{"result":{"duration":965233500,"status":"passed"},"line":8,"name":"Click on sign in button","match":{"location":"StepDefinitionPack.LoginStepDefinition.click_on_sign_in_button()"},"keyword":"When "},{"result":{"duration":602998300,"status":"passed"},"line":9,"name":"Enter username mani and password wipro","match":{"arguments":[{"val":"mani","offset":15},{"val":"wipro","offset":33}],"location":"StepDefinitionPack.LoginStepDefinition.enter_username_j2ee_and_password_j2ee(java.lang.String,java.lang.String)"},"keyword":"And "},{"result":{"duration":1198861800,"status":"passed"},"line":10,"name":"Click on Login button","match":{"location":"StepDefinitionPack.LoginStepDefinition.click_on_login_button()"},"keyword":"And "},{"result":{"error_message":"org.openqa.selenium.NoSuchElementException: no such element: Unable to locate element: {\"method\":\"xpath\",\"selector\":\"//div[@id='WelcomeContent']\"}\n  (Session info: chrome=125.0.6422.142)\nFor documentation on this error, please visit: https://www.selenium.dev/documentation/webdriver/troubleshooting/errors#no-such-element-exception\nBuild info: version: '4.21.0', revision: '79ed462ef4'\nSystem info: os.name: 'Windows 10', os.arch: 'amd64', os.version: '10.0', java.version: '21.0.3'\nDriver info: org.openqa.selenium.chrome.ChromeDriver\nCommand: [13540110612b6fd28b06dd19432f6e81, findElement {using=xpath, value=//div[@id='WelcomeContent']}]\nCapabilities {acceptInsecureCerts: false, browserName: chrome, browserVersion: 125.0.6422.142, chrome: {chromedriverVersion: 125.0.6422.141 (4b1e8393712..., userDataDir: C:\\Users\\admin\\AppData\\Loca...}, fedcm:accounts: true, goog:chromeOptions: {debuggerAddress: localhost:57884}, networkConnectionEnabled: false, pageLoadStrategy: normal, platformName: windows, proxy: Proxy(), se:cdp: ws://localhost:57884/devtoo..., se:cdpVersion: 125.0.6422.142, setWindowRect: true, strictFileInteractability: false, timeouts: {implicit: 0, pageLoad: 300000, script: 30000}, unhandledPromptBehavior: dismiss and notify, webauthn:extension:credBlob: true, webauthn:extension:largeBlob: true, webauthn:extension:minPinLength: true, webauthn:extension:prf: true, webauthn:virtualAuthenticators: true}\nSession ID: 13540110612b6fd28b06dd19432f6e81\r\n\tat java.base/jdk.internal.reflect.DirectConstructorHandleAccessor.newInstance(DirectConstructorHandleAccessor.java:62)\r\n\tat java.base/java.lang.reflect.Constructor.newInstanceWithCaller(Constructor.java:502)\r\n\tat java.base/java.lang.reflect.Constructor.newInstance(Constructor.java:486)\r\n\tat org.openqa.selenium.remote.ErrorCodec.decode(ErrorCodec.java:167)\r\n\tat org.openqa.selenium.remote.codec.w3c.W3CHttpResponseCodec.decode(W3CHttpResponseCodec.java:138)\r\n\tat org.openqa.selenium.remote.codec.w3c.W3CHttpResponseCodec.decode(W3CHttpResponseCodec.java:50)\r\n\tat org.openqa.selenium.remote.HttpCommandExecutor.execute(HttpCommandExecutor.java:190)\r\n\tat org.openqa.selenium.remote.service.DriverCommandExecutor.invokeExecute(DriverCommandExecutor.java:216)\r\n\tat org.openqa.selenium.remote.service.DriverCommandExecutor.execute(DriverCommandExecutor.java:174)\r\n\tat org.openqa.selenium.remote.RemoteWebDriver.execute(RemoteWebDriver.java:518)\r\n\tat org.openqa.selenium.remote.ElementLocation$ElementFinder$2.findElement(ElementLocation.java:165)\r\n\tat org.openqa.selenium.remote.ElementLocation.findElement(ElementLocation.java:59)\r\n\tat org.openqa.selenium.remote.RemoteWebDriver.findElement(RemoteWebDriver.java:355)\r\n\tat org.openqa.selenium.remote.RemoteWebDriver.findElement(RemoteWebDriver.java:349)\r\n\tat StepDefinitionPack.LoginStepDefinition.validating_home_page(LoginStepDefinition.java:41)\r\n\tat ✽.Validating Home page(file:///C:/Users/admin/My_Projects/MultipleTestScenarios/FeatureFilesFolder/Login.feature:11)\r\n","duration":215743300,"status":"failed"},"line":11,"name":"Validating Home page","match":{"location":"StepDefinitionPack.LoginStepDefinition.validating_home_page()"},"keyword":"And "},{"result":{"status":"skipped"},"line":12,"name":"Click on signout button","match":{"location":"StepDefinitionPack.LoginStepDefinition.click_on_signout_button()"},"keyword":"Then "}]},{"start_timestamp":"2024-06-06T12:20:22.193Z","line":18,"name":"Validating a Login Page with valid username and Password","description":"","id":"validate-login-page;validating-a-login-page-with-valid-username-and-password;;4","type":"scenario","keyword":"Scenario Outline","steps":[{"result":{"duration":35190152000,"status":"passed"},"line":7,"name":"Launch Browser and an Application","match":{"location":"StepDefinitionPack.LoginStepDefinition.launch_browser_and_an_application()"},"keyword":"Given "},{"result":{"duration":1520812900,"status":"passed"},"line":8,"name":"Click on sign in button","match":{"location":"StepDefinitionPack.LoginStepDefinition.click_on_sign_in_button()"},"keyword":"When "},{"result":{"duration":2098410000,"status":"passed"},"line":9,"name":"Enter username hari and password wipro","match":{"arguments":[{"val":"hari","offset":15},{"val":"wipro","offset":33}],"location":"StepDefinitionPack.LoginStepDefinition.enter_username_j2ee_and_password_j2ee(java.lang.String,java.lang.String)"},"keyword":"And "},{"result":{"duration":763616400,"status":"passed"},"line":10,"name":"Click on Login button","match":{"location":"StepDefinitionPack.LoginStepDefinition.click_on_login_button()"},"keyword":"And "},{"result":{"error_message":"org.openqa.selenium.NoSuchElementException: no such element: Unable to locate element: {\"method\":\"xpath\",\"selector\":\"//div[@id='WelcomeContent']\"}\n  (Session info: chrome=125.0.6422.142)\nFor documentation on this error, please visit: https://www.selenium.dev/documentation/webdriver/troubleshooting/errors#no-such-element-exception\nBuild info: version: '4.21.0', revision: '79ed462ef4'\nSystem info: os.name: 'Windows 10', os.arch: 'amd64', os.version: '10.0', java.version: '21.0.3'\nDriver info: org.openqa.selenium.chrome.ChromeDriver\nCommand: [dac78e546c339caf8e13a3e0994023c0, findElement {using=xpath, value=//div[@id='WelcomeContent']}]\nCapabilities {acceptInsecureCerts: false, browserName: chrome, browserVersion: 125.0.6422.142, chrome: {chromedriverVersion: 125.0.6422.141 (4b1e8393712..., userDataDir: C:\\Users\\admin\\AppData\\Loca...}, fedcm:accounts: true, goog:chromeOptions: {debuggerAddress: localhost:57915}, networkConnectionEnabled: false, pageLoadStrategy: normal, platformName: windows, proxy: Proxy(), se:cdp: ws://localhost:57915/devtoo..., se:cdpVersion: 125.0.6422.142, setWindowRect: true, strictFileInteractability: false, timeouts: {implicit: 0, pageLoad: 300000, script: 30000}, unhandledPromptBehavior: dismiss and notify, webauthn:extension:credBlob: true, webauthn:extension:largeBlob: true, webauthn:extension:minPinLength: true, webauthn:extension:prf: true, webauthn:virtualAuthenticators: true}\nSession ID: dac78e546c339caf8e13a3e0994023c0\r\n\tat java.base/jdk.internal.reflect.DirectConstructorHandleAccessor.newInstance(DirectConstructorHandleAccessor.java:62)\r\n\tat java.base/java.lang.reflect.Constructor.newInstanceWithCaller(Constructor.java:502)\r\n\tat java.base/java.lang.reflect.Constructor.newInstance(Constructor.java:486)\r\n\tat org.openqa.selenium.remote.ErrorCodec.decode(ErrorCodec.java:167)\r\n\tat org.openqa.selenium.remote.codec.w3c.W3CHttpResponseCodec.decode(W3CHttpResponseCodec.java:138)\r\n\tat org.openqa.selenium.remote.codec.w3c.W3CHttpResponseCodec.decode(W3CHttpResponseCodec.java:50)\r\n\tat org.openqa.selenium.remote.HttpCommandExecutor.execute(HttpCommandExecutor.java:190)\r\n\tat org.openqa.selenium.remote.service.DriverCommandExecutor.invokeExecute(DriverCommandExecutor.java:216)\r\n\tat org.openqa.selenium.remote.service.DriverCommandExecutor.execute(DriverCommandExecutor.java:174)\r\n\tat org.openqa.selenium.remote.RemoteWebDriver.execute(RemoteWebDriver.java:518)\r\n\tat org.openqa.selenium.remote.ElementLocation$ElementFinder$2.findElement(ElementLocation.java:165)\r\n\tat org.openqa.selenium.remote.ElementLocation.findElement(ElementLocation.java:59)\r\n\tat org.openqa.selenium.remote.RemoteWebDriver.findElement(RemoteWebDriver.java:355)\r\n\tat org.openqa.selenium.remote.RemoteWebDriver.findElement(RemoteWebDriver.java:349)\r\n\tat StepDefinitionPack.LoginStepDefinition.validating_home_page(LoginStepDefinition.java:41)\r\n\tat ✽.Validating Home page(file:///C:/Users/admin/My_Projects/MultipleTestScenarios/FeatureFilesFolder/Login.feature:11)\r\n","duration":78000500,"status":"failed"},"line":11,"name":"Validating Home page","match":{"location":"StepDefinitionPack.LoginStepDefinition.validating_home_page()"},"keyword":"And "},{"result":{"duration":1000500,"status":"skipped"},"line":12,"name":"Click on signout button","match":{"location":"StepDefinitionPack.LoginStepDefinition.click_on_signout_button()"},"keyword":"Then "}]}],"name":"Validate Login Page","description":"","id":"validate-login-page","keyword":"Feature","uri":"file:FeatureFilesFolder/Login.feature","tags":[]}]